{"contracts/Reenter.sol":{"l":{"15":1,"19":1,"23":1,"24":1,"25":1,"29":1,"30":1,"31":1},"path":"/Users/erick/web3-security-vault/contracts/Reenter.sol","s":{"1":1,"2":1},"b":{"1":[1,0]},"f":{"1":1,"2":1,"3":1},"fnMap":{"1":{"name":"constructor","line":14,"loc":{"start":{"line":14,"column":4},"end":{"line":16,"column":4}}},"2":{"name":"depositToVault","line":18,"loc":{"start":{"line":18,"column":4},"end":{"line":20,"column":4}}},"3":{"name":"attack","line":22,"loc":{"start":{"line":22,"column":4},"end":{"line":26,"column":4}}}},"statementMap":{"1":{"start":{"line":19,"column":8},"end":{"line":19,"column":40}},"2":{"start":{"line":25,"column":8},"end":{"line":25,"column":30}}},"branchMap":{"1":{"line":29,"type":"if","locations":[{"start":{"line":29,"column":8},"end":{"line":29,"column":8}},{"start":{"line":29,"column":8},"end":{"line":29,"column":8}}]}}},"contracts/Rejector.sol":{"l":{"13":1,"18":1,"22":1,"27":1},"path":"/Users/erick/web3-security-vault/contracts/Rejector.sol","s":{"1":1,"2":1},"b":{},"f":{"1":1,"2":1,"3":1},"fnMap":{"1":{"name":"constructor","line":12,"loc":{"start":{"line":12,"column":4},"end":{"line":14,"column":4}}},"2":{"name":"depositToVault","line":17,"loc":{"start":{"line":17,"column":4},"end":{"line":19,"column":4}}},"3":{"name":"withdrawFromVault","line":21,"loc":{"start":{"line":21,"column":4},"end":{"line":23,"column":4}}}},"statementMap":{"1":{"start":{"line":18,"column":8},"end":{"line":18,"column":40}},"2":{"start":{"line":22,"column":8},"end":{"line":22,"column":29}}},"branchMap":{}},"contracts/Vault.sol":{"l":{"15":7,"19":2,"24":10,"25":9,"26":9,"31":4,"34":3,"36":3,"37":3,"38":1,"43":2},"path":"/Users/erick/web3-security-vault/contracts/Vault.sol","s":{"1":7,"2":2,"3":10,"4":9,"5":4,"6":3,"7":3,"8":1,"9":2},"b":{"1":[7,1],"2":[2,1],"3":[10,2],"4":[9,1],"5":[6,1],"6":[4,2],"7":[3,1],"8":[1,2]},"f":{"1":15,"2":7,"3":2,"4":10,"5":4,"6":2},"fnMap":{"1":{"name":"constructor","line":12,"loc":{"start":{"line":12,"column":4},"end":{"line":12,"column":39}}},"2":{"name":"pause","line":14,"loc":{"start":{"line":14,"column":4},"end":{"line":16,"column":0}}},"3":{"name":"unpause","line":18,"loc":{"start":{"line":18,"column":0},"end":{"line":20,"column":0}}},"4":{"name":"deposit","line":23,"loc":{"start":{"line":23,"column":4},"end":{"line":28,"column":4}}},"5":{"name":"withdraw","line":30,"loc":{"start":{"line":30,"column":4},"end":{"line":40,"column":4}}},"6":{"name":"contractBalance","line":42,"loc":{"start":{"line":42,"column":4},"end":{"line":44,"column":4}}}},"statementMap":{"1":{"start":{"line":15,"column":4},"end":{"line":15,"column":11}},"2":{"start":{"line":19,"column":4},"end":{"line":19,"column":13}},"3":{"start":{"line":24,"column":8},"end":{"line":24,"column":46}},"4":{"start":{"line":26,"column":8},"end":{"line":26,"column":43}},"5":{"start":{"line":31,"column":8},"end":{"line":31,"column":70}},"6":{"start":{"line":36,"column":8},"end":{"line":36,"column":61}},"7":{"start":{"line":37,"column":8},"end":{"line":37,"column":46}},"8":{"start":{"line":38,"column":8},"end":{"line":38,"column":41}},"9":{"start":{"line":43,"column":8},"end":{"line":43,"column":36}}},"branchMap":{"1":{"line":14,"type":"if","locations":[{"start":{"line":14,"column":30},"end":{"line":14,"column":30}},{"start":{"line":14,"column":30},"end":{"line":14,"column":30}}]},"2":{"line":18,"type":"if","locations":[{"start":{"line":18,"column":28},"end":{"line":18,"column":28}},{"start":{"line":18,"column":28},"end":{"line":18,"column":28}}]},"3":{"line":23,"type":"if","locations":[{"start":{"line":23,"column":40},"end":{"line":23,"column":40}},{"start":{"line":23,"column":40},"end":{"line":23,"column":40}}]},"4":{"line":24,"type":"if","locations":[{"start":{"line":24,"column":8},"end":{"line":24,"column":8}},{"start":{"line":24,"column":8},"end":{"line":24,"column":8}}]},"5":{"line":30,"type":"if","locations":[{"start":{"line":30,"column":47},"end":{"line":30,"column":47}},{"start":{"line":30,"column":47},"end":{"line":30,"column":47}}]},"6":{"line":30,"type":"if","locations":[{"start":{"line":30,"column":60},"end":{"line":30,"column":60}},{"start":{"line":30,"column":60},"end":{"line":30,"column":60}}]},"7":{"line":31,"type":"if","locations":[{"start":{"line":31,"column":8},"end":{"line":31,"column":8}},{"start":{"line":31,"column":8},"end":{"line":31,"column":8}}]},"8":{"line":37,"type":"if","locations":[{"start":{"line":37,"column":8},"end":{"line":37,"column":8}},{"start":{"line":37,"column":8},"end":{"line":37,"column":8}}]}}}}